2021-06-10 15:05:29 [main] INFO  by.olehno.array.utils.Logging - Поиск наибольшего элемента
2021-06-10 15:07:19 [main] INFO  by.olehno.array.utils.Logging - Поиск наибольшего элемента
2021-06-10 15:07:19 [main] INFO  by.olehno.array.utils.Logging - Наибольшее значение массива 55
2021-06-10 15:44:08 [main] INFO  by.olehno.array.utils.Logging - Наибольшее значение массива 55
2021-06-10 15:44:08 [main] INFO  by.olehno.array.utils.Logging - Количетсво отрицательных элементов массива 2
2021-06-10 15:44:08 [main] INFO  by.olehno.array.utils.Logging - Количетсво положительных элементов массива 4
2021-06-10 15:44:08 [main] INFO  by.olehno.array.utils.Logging - Наименьшее значение массива -7
2021-06-10 15:44:08 [main] INFO  by.olehno.array.utils.Logging - Среднее значение элементов массива 9.333333333333334
2021-06-10 15:48:10 [main] INFO  by.olehno.array.utils.Logging - Наибольшее значение массива 55
2021-06-10 15:48:10 [main] INFO  by.olehno.array.utils.Logging - Количество отрицательных элементов массива 2
2021-06-10 15:48:10 [main] INFO  by.olehno.array.utils.Logging - Количество положительных элементов массива 4
2021-06-10 15:48:10 [main] INFO  by.olehno.array.utils.Logging - Наименьшее значение массива -7
2021-06-10 15:48:10 [main] INFO  by.olehno.array.utils.Logging - Среднее значение элементов массива 9.333333333333334
2021-06-10 15:48:10 [main] INFO  by.olehno.array.utils.Logging - Изменение элементов массива по условию 
2021-06-10 15:48:53 [main] INFO  by.olehno.array.utils.Logging - Наибольшее значение массива 55
2021-06-10 15:48:53 [main] INFO  by.olehno.array.utils.Logging - Количество отрицательных элементов массива 2
2021-06-10 15:48:53 [main] INFO  by.olehno.array.utils.Logging - Количество положительных элементов массива 4
2021-06-10 15:48:53 [main] INFO  by.olehno.array.utils.Logging - Наименьшее значение массива -7
2021-06-10 15:48:53 [main] INFO  by.olehno.array.utils.Logging - Среднее значение элементов массива 9.333333333333334
2021-06-10 15:48:53 [main] INFO  by.olehno.array.utils.Logging - Изменение элементов массива по условию [I@6fa34d52
2021-06-10 15:49:26 [main] INFO  by.olehno.array.utils.Logging - Наибольшее значение массива 55
2021-06-10 15:49:26 [main] INFO  by.olehno.array.utils.Logging - Количество отрицательных элементов массива 2
2021-06-10 15:49:26 [main] INFO  by.olehno.array.utils.Logging - Количество положительных элементов массива 4
2021-06-10 15:49:26 [main] INFO  by.olehno.array.utils.Logging - Наименьшее значение массива -7
2021-06-10 15:49:26 [main] INFO  by.olehno.array.utils.Logging - Среднее значение элементов массива 9.333333333333334
2021-06-10 15:49:26 [main] INFO  by.olehno.array.utils.Logging - Изменение элементов массива по условию [I@125290e5
2021-06-10 16:06:55 [main] INFO  by.olehno.array.utils.Logging - Наибольшее значение массива 55
2021-06-10 16:06:55 [main] INFO  by.olehno.array.utils.Logging - Количество отрицательных элементов массива 2
2021-06-10 16:06:55 [main] INFO  by.olehno.array.utils.Logging - Количество положительных элементов массива 4
2021-06-10 16:06:55 [main] INFO  by.olehno.array.utils.Logging - Наименьшее значение массива -7
2021-06-10 16:06:55 [main] INFO  by.olehno.array.utils.Logging - Среднее значение элементов массива 9.333333333333334
2021-06-10 16:06:55 [main] INFO  by.olehno.array.utils.Logging - Изменение элементов массива по условию [I@6fa34d52
2021-06-10 16:13:46 [main] INFO  by.olehno.array.utils.Logging - Наибольшее значение массива 55
2021-06-10 16:13:46 [main] INFO  by.olehno.array.utils.Logging - Количество отрицательных элементов массива 2
2021-06-10 16:13:46 [main] INFO  by.olehno.array.utils.Logging - Количество положительных элементов массива 4
2021-06-10 16:13:46 [main] INFO  by.olehno.array.utils.Logging - Наименьшее значение массива -7
2021-06-10 16:13:46 [main] INFO  by.olehno.array.utils.Logging - Среднее значение элементов массива 9.333333333333334
2021-06-10 16:13:46 [main] INFO  by.olehno.array.utils.Logging - Изменение элементов массива по условию [I@125290e5
2021-06-10 16:14:22 [main] INFO  by.olehno.array.utils.Logging - Наибольшее значение массива 55
2021-06-10 16:14:22 [main] INFO  by.olehno.array.utils.Logging - Количество отрицательных элементов массива 2
2021-06-10 16:14:22 [main] INFO  by.olehno.array.utils.Logging - Количество положительных элементов массива 4
2021-06-10 16:14:22 [main] INFO  by.olehno.array.utils.Logging - Наименьшее значение массива -7
2021-06-10 16:14:22 [main] INFO  by.olehno.array.utils.Logging - Среднее значение элементов массива 9.333333333333334
2021-06-10 16:14:22 [main] INFO  by.olehno.array.utils.Logging - Изменение элементов массива по условию -1 -1 -1 -1 -5 -7 
2021-06-10 16:37:50 [main] INFO  by.olehno.array.utils.Logging - Наибольшее значение массива 55
2021-06-10 16:37:50 [main] INFO  by.olehno.array.utils.Logging - Количество отрицательных элементов массива 2
2021-06-10 16:37:50 [main] INFO  by.olehno.array.utils.Logging - Количество положительных элементов массива 4
2021-06-10 16:37:50 [main] INFO  by.olehno.array.utils.Logging - Наименьшее значение массива -7
2021-06-10 16:37:50 [main] INFO  by.olehno.array.utils.Logging - Среднее значение элементов массива 9.333333333333334
2021-06-10 16:37:50 [main] INFO  by.olehno.array.utils.Logging - Изменение элементов массива по условию -1 -1 -1 -1 -5 -7 
2021-06-10 16:38:01 [main] INFO  by.olehno.array.utils.Logging - Наибольшее значение массива 5
2021-06-10 16:40:00 [main] INFO  by.olehno.array.utils.Logging - Наибольшее значение массива 55
2021-06-10 16:40:00 [main] INFO  by.olehno.array.utils.Logging - Количество отрицательных элементов массива 2
2021-06-10 16:40:00 [main] INFO  by.olehno.array.utils.Logging - Количество положительных элементов массива 4
2021-06-10 16:40:00 [main] INFO  by.olehno.array.utils.Logging - Наименьшее значение массива -7
2021-06-10 16:40:00 [main] INFO  by.olehno.array.utils.Logging - Среднее значение элементов массива 9.333333333333334
2021-06-10 16:40:00 [main] INFO  by.olehno.array.utils.Logging - Изменение элементов массива по условию -1 -1 -1 -1 -5 -7 
