2021-06-13 17:11:35 [main] INFO  by.olehno.array.util.Logging - Selection sort -7 -1 3 3 5 8 
2021-06-13 17:11:35 [main] INFO  by.olehno.array.util.Logging - Quick sort -7 -1 3 3 5 8 
2021-06-13 17:11:35 [main] INFO  by.olehno.array.util.Logging - Quick sort -7 -1 3 3 5 8 
2021-06-13 17:11:35 [main] INFO  by.olehno.array.util.Logging - Quick sort -7 -1 3 3 5 8 
2021-06-13 17:11:35 [main] INFO  by.olehno.array.util.Logging - Quick sort -7 -1 3 3 5 8 
2021-06-13 17:11:35 [main] INFO  by.olehno.array.util.Logging - Quick sort -7 -1 3 3 5 8 
2021-06-13 17:11:35 [main] INFO  by.olehno.array.util.Logging - Quick sort -7 -1 3 3 5 8 
2021-06-13 17:11:35 [main] INFO  by.olehno.array.util.Logging - Quick sort -7 -1 3 3 5 8 
2021-06-13 17:11:35 [main] INFO  by.olehno.array.util.Logging - Quick sort -7 -1 3 3 5 8 
2021-06-13 17:11:35 [main] INFO  by.olehno.array.util.Logging - Quick sort -7 -1 3 3 5 8 
2021-06-13 17:14:21 [main] INFO  by.olehno.array.util.Logging - Среднее значение элементов массива 1.8333333333333333
2021-06-13 17:14:21 [main] INFO  by.olehno.array.util.Logging - Bubble sort -7 -1 3 3 5 8 
2021-06-13 17:14:21 [main] INFO  by.olehno.array.util.Logging - Selection sort -7 -1 3 3 5 8 
2021-06-13 17:14:21 [main] INFO  by.olehno.array.util.Logging - Quick sort -7 -1 3 3 5 8 
2021-06-13 17:14:21 [main] INFO  by.olehno.array.util.Logging - Quick sort -7 -1 3 3 5 8 
2021-06-13 17:14:21 [main] INFO  by.olehno.array.util.Logging - Quick sort -7 -1 3 3 5 8 
2021-06-13 17:14:21 [main] INFO  by.olehno.array.util.Logging - Quick sort -7 -1 3 3 5 8 
2021-06-13 17:14:21 [main] INFO  by.olehno.array.util.Logging - Quick sort -7 -1 3 3 5 8 
2021-06-13 17:14:21 [main] INFO  by.olehno.array.util.Logging - Quick sort -7 -1 3 3 5 8 
2021-06-13 17:14:21 [main] INFO  by.olehno.array.util.Logging - Quick sort -7 -1 3 3 5 8 
2021-06-13 17:14:21 [main] INFO  by.olehno.array.util.Logging - Quick sort -7 -1 3 3 5 8 
2021-06-13 17:14:21 [main] INFO  by.olehno.array.util.Logging - Quick sort -7 -1 3 3 5 8 
2021-06-14 15:48:44 [main] INFO  by.olehno.array.util.Logging - Среднее значение элементов массива 1.8333333333333333
2021-06-14 15:48:44 [main] INFO  by.olehno.array.util.Logging - Bubble sort -7 -1 3 3 5 8 
2021-06-14 15:48:44 [main] INFO  by.olehno.array.util.Logging - Selection sort -7 -1 3 3 5 8 
2021-06-14 15:48:44 [main] INFO  by.olehno.array.util.Logging - Quick sort -7 -1 3 3 5 8 
2021-06-14 15:48:44 [main] INFO  by.olehno.array.util.Logging - Quick sort -7 -1 3 3 5 8 
2021-06-14 15:48:44 [main] INFO  by.olehno.array.util.Logging - Quick sort -7 -1 3 3 5 8 
2021-06-14 15:48:44 [main] INFO  by.olehno.array.util.Logging - Quick sort -7 -1 3 3 5 8 
2021-06-14 15:48:44 [main] INFO  by.olehno.array.util.Logging - Quick sort -7 -1 3 3 5 8 
2021-06-14 15:48:44 [main] INFO  by.olehno.array.util.Logging - Quick sort -7 -1 3 3 5 8 
2021-06-14 15:48:44 [main] INFO  by.olehno.array.util.Logging - Quick sort -7 -1 3 3 5 8 
2021-06-14 15:48:44 [main] INFO  by.olehno.array.util.Logging - Quick sort -7 -1 3 3 5 8 
2021-06-14 15:48:44 [main] INFO  by.olehno.array.util.Logging - Quick sort -7 -1 3 3 5 8 
2021-06-14 15:54:27 [main] INFO  by.olehno.array.util.Logging - Bubble sort 1 3 4 7 8 
2021-06-14 15:54:37 [main] INFO  by.olehno.array.util.Logging - Среднее значение элементов массива 1.8333333333333333
2021-06-14 15:54:37 [main] INFO  by.olehno.array.util.Logging - Bubble sort -7 -1 3 3 5 8 
2021-06-14 15:54:37 [main] INFO  by.olehno.array.util.Logging - Selection sort -7 -1 3 3 5 8 
2021-06-14 15:54:37 [main] INFO  by.olehno.array.util.Logging - Quick sort -7 -1 3 3 5 8 
2021-06-14 15:54:37 [main] INFO  by.olehno.array.util.Logging - Quick sort -7 -1 3 3 5 8 
2021-06-14 15:54:37 [main] INFO  by.olehno.array.util.Logging - Quick sort -7 -1 3 3 5 8 
2021-06-14 15:54:37 [main] INFO  by.olehno.array.util.Logging - Quick sort -7 -1 3 3 5 8 
2021-06-14 15:54:37 [main] INFO  by.olehno.array.util.Logging - Quick sort -7 -1 3 3 5 8 
2021-06-14 15:54:37 [main] INFO  by.olehno.array.util.Logging - Quick sort -7 -1 3 3 5 8 
2021-06-14 15:54:37 [main] INFO  by.olehno.array.util.Logging - Quick sort -7 -1 3 3 5 8 
2021-06-14 15:54:37 [main] INFO  by.olehno.array.util.Logging - Quick sort -7 -1 3 3 5 8 
2021-06-14 15:54:37 [main] INFO  by.olehno.array.util.Logging - Quick sort -7 -1 3 3 5 8 
2021-06-14 15:56:00 [main] INFO  by.olehno.array.util.Logging - Selection sort 1 3 7 8 4 
2021-06-14 15:57:56 [main] INFO  by.olehno.array.util.Logging - Среднее значение элементов массива 1.8333333333333333
2021-06-14 15:57:56 [main] INFO  by.olehno.array.util.Logging - Bubble sort -7 -1 3 3 5 8 
2021-06-14 15:57:56 [main] INFO  by.olehno.array.util.Logging - Selection sort -7 -1 3 3 5 8 
2021-06-14 15:57:56 [main] INFO  by.olehno.array.util.Logging - Quick sort -7 -1 3 3 5 8 
2021-06-14 15:57:56 [main] INFO  by.olehno.array.util.Logging - Quick sort -7 -1 3 3 5 8 
2021-06-14 15:57:56 [main] INFO  by.olehno.array.util.Logging - Quick sort -7 -1 3 3 5 8 
2021-06-14 15:57:56 [main] INFO  by.olehno.array.util.Logging - Quick sort -7 -1 3 3 5 8 
2021-06-14 15:57:56 [main] INFO  by.olehno.array.util.Logging - Quick sort -7 -1 3 3 5 8 
2021-06-14 15:57:56 [main] INFO  by.olehno.array.util.Logging - Quick sort -7 -1 3 3 5 8 
2021-06-14 15:57:56 [main] INFO  by.olehno.array.util.Logging - Quick sort -7 -1 3 3 5 8 
2021-06-14 15:57:56 [main] INFO  by.olehno.array.util.Logging - Quick sort -7 -1 3 3 5 8 
2021-06-14 15:57:56 [main] INFO  by.olehno.array.util.Logging - Quick sort -7 -1 3 3 5 8 
2021-06-14 15:58:35 [main] INFO  by.olehno.array.util.Logging - Среднее значение элементов массива 4.6
2021-06-14 15:58:35 [main] INFO  by.olehno.array.util.Logging - Bubble sort 1 3 4 7 8 
2021-06-14 15:58:35 [main] INFO  by.olehno.array.util.Logging - Selection sort 1 3 4 7 8 
2021-06-14 15:58:35 [main] INFO  by.olehno.array.util.Logging - Quick sort 1 3 4 7 8 
2021-06-14 15:58:35 [main] INFO  by.olehno.array.util.Logging - Quick sort 1 3 4 7 8 
2021-06-14 15:58:35 [main] INFO  by.olehno.array.util.Logging - Quick sort 1 3 4 7 8 
2021-06-14 15:58:35 [main] INFO  by.olehno.array.util.Logging - Quick sort 1 3 4 7 8 
2021-06-14 15:58:35 [main] INFO  by.olehno.array.util.Logging - Quick sort 1 3 4 7 8 
2021-06-14 15:58:35 [main] INFO  by.olehno.array.util.Logging - Quick sort 1 3 4 7 8 
2021-06-14 15:58:35 [main] INFO  by.olehno.array.util.Logging - Quick sort 1 3 4 7 8 
2021-06-14 15:58:35 [main] INFO  by.olehno.array.util.Logging - Quick sort 1 3 4 7 8 
2021-06-14 15:58:35 [main] INFO  by.olehno.array.util.Logging - Quick sort 1 3 4 7 8 
2021-06-14 15:59:01 [main] INFO  by.olehno.array.util.Logging - Selection sort 1 3 7 8 4 
2021-06-14 15:59:40 [main] INFO  by.olehno.array.util.Logging - Bubble sort 1 3 4 7 8 
2021-06-14 15:59:52 [main] INFO  by.olehno.array.util.Logging - Selection sort 1 3 7 8 4 
2021-06-14 16:00:32 [main] INFO  by.olehno.array.util.Logging - Среднее значение элементов массива 4.6
2021-06-14 16:00:32 [main] INFO  by.olehno.array.util.Logging - Bubble sort 1 3 4 7 8 
2021-06-14 16:00:32 [main] INFO  by.olehno.array.util.Logging - Selection sort 1 3 4 7 8 
2021-06-14 16:00:32 [main] INFO  by.olehno.array.util.Logging - Quick sort 1 3 4 7 8 
2021-06-14 16:00:32 [main] INFO  by.olehno.array.util.Logging - Quick sort 1 3 4 7 8 
2021-06-14 16:00:32 [main] INFO  by.olehno.array.util.Logging - Quick sort 1 3 4 7 8 
2021-06-14 16:00:32 [main] INFO  by.olehno.array.util.Logging - Quick sort 1 3 4 7 8 
2021-06-14 16:00:32 [main] INFO  by.olehno.array.util.Logging - Quick sort 1 3 4 7 8 
2021-06-14 16:00:32 [main] INFO  by.olehno.array.util.Logging - Quick sort 1 3 4 7 8 
2021-06-14 16:00:32 [main] INFO  by.olehno.array.util.Logging - Quick sort 1 3 4 7 8 
2021-06-14 16:00:32 [main] INFO  by.olehno.array.util.Logging - Quick sort 1 3 4 7 8 
2021-06-14 16:00:32 [main] INFO  by.olehno.array.util.Logging - Quick sort 1 3 4 7 8 
2021-06-14 16:01:06 [main] INFO  by.olehno.array.util.Logging - Среднее значение элементов массива 4.6
2021-06-14 16:01:06 [main] INFO  by.olehno.array.util.Logging - Bubble sort 1 3 4 7 8 
2021-06-14 16:01:28 [main] INFO  by.olehno.array.util.Logging - Selection sort 1 3 4 7 8 
2021-06-14 16:01:28 [main] INFO  by.olehno.array.util.Logging - Quick sort 1 3 4 7 8 
2021-06-14 16:01:28 [main] INFO  by.olehno.array.util.Logging - Quick sort 1 3 4 7 8 
2021-06-14 16:01:28 [main] INFO  by.olehno.array.util.Logging - Quick sort 1 3 4 7 8 
2021-06-14 16:01:28 [main] INFO  by.olehno.array.util.Logging - Quick sort 1 3 4 7 8 
2021-06-14 16:01:28 [main] INFO  by.olehno.array.util.Logging - Quick sort 1 3 4 7 8 
2021-06-14 16:01:28 [main] INFO  by.olehno.array.util.Logging - Quick sort 1 3 4 7 8 
2021-06-14 16:01:28 [main] INFO  by.olehno.array.util.Logging - Quick sort 1 3 4 7 8 
2021-06-14 16:01:28 [main] INFO  by.olehno.array.util.Logging - Quick sort 1 3 4 7 8 
2021-06-14 16:01:28 [main] INFO  by.olehno.array.util.Logging - Quick sort 1 3 4 7 8 
2021-06-14 16:01:41 [main] INFO  by.olehno.array.util.Logging - Среднее значение элементов массива 4.6
2021-06-14 16:01:41 [main] INFO  by.olehno.array.util.Logging - Bubble sort 1 3 4 7 8 
2021-06-14 16:01:54 [main] INFO  by.olehno.array.util.Logging - Selection sort 1 3 4 7 8 
2021-06-14 16:01:54 [main] INFO  by.olehno.array.util.Logging - Quick sort 1 3 4 7 8 
2021-06-14 16:01:54 [main] INFO  by.olehno.array.util.Logging - Quick sort 1 3 4 7 8 
2021-06-14 16:01:54 [main] INFO  by.olehno.array.util.Logging - Quick sort 1 3 4 7 8 
2021-06-14 16:01:54 [main] INFO  by.olehno.array.util.Logging - Quick sort 1 3 4 7 8 
2021-06-14 16:01:54 [main] INFO  by.olehno.array.util.Logging - Quick sort 1 3 4 7 8 
2021-06-14 16:01:54 [main] INFO  by.olehno.array.util.Logging - Quick sort 1 3 4 7 8 
2021-06-14 16:01:54 [main] INFO  by.olehno.array.util.Logging - Quick sort 1 3 4 7 8 
2021-06-14 16:01:54 [main] INFO  by.olehno.array.util.Logging - Quick sort 1 3 4 7 8 
